<?xml version="1.0" encoding="utf-8"?>
<coverage line-rate="0.9031999999999999" branch-rate="0.5" version="1.9" timestamp="1608300976" lines-covered="28" lines-valid="31" branches-covered="2" branches-valid="4">
  <sources>
    <source>C:\Users\Demetryus\Documents\projetosAvanade\designPatterCsharp\DesignPatternSamples\src\</source>
  </sources>
  <packages>
    <package name="Workbench.IFormatter.Extensions" line-rate="0.8234999999999999" branch-rate="0.5" complexity="7">
      <classes>
        <class name="Workbench.IFormatter.Extensions.IFormatterExtensions" filename="Workbench.IFormatter.Extensions\IFormatterExtensions.cs" line-rate="0.8234999999999999" branch-rate="0.5" complexity="7">
          <methods>
            <method name="get_DefaultFormatter" signature="()" line-rate="0" branch-rate="1" complexity="1">
              <lines>
                <line number="10" hits="0" branch="False" />
              </lines>
            </method>
            <method name="Serialize" signature="(TEntity)" line-rate="1" branch-rate="1" complexity="1">
              <lines>
                <line number="12" hits="1" branch="False" />
              </lines>
            </method>
            <method name="Serialize" signature="(TEntity,System.Runtime.Serialization.IFormatter)" line-rate="0.8571" branch-rate="0.5" complexity="2">
              <lines>
                <line number="14" hits="1" branch="False" />
                <line number="15" hits="0" branch="True" condition-coverage="50% (1/2)">
                  <conditions>
                    <condition number="12" type="jump" coverage="50%" />
                  </conditions>
                </line>
                <line number="17" hits="1" branch="False" />
                <line number="18" hits="1" branch="False" />
                <line number="19" hits="1" branch="False" />
                <line number="20" hits="1" branch="False" />
                <line number="22" hits="1" branch="False" />
              </lines>
            </method>
            <method name="Deserialize" signature="(System.Byte[])" line-rate="1" branch-rate="1" complexity="1">
              <lines>
                <line number="24" hits="1" branch="False" />
              </lines>
            </method>
            <method name="Deserialize" signature="(System.Byte[],System.Runtime.Serialization.IFormatter)" line-rate="0.8571" branch-rate="0.5" complexity="2">
              <lines>
                <line number="26" hits="1" branch="False" />
                <line number="27" hits="0" branch="True" condition-coverage="50% (1/2)">
                  <conditions>
                    <condition number="7" type="jump" coverage="50%" />
                  </conditions>
                </line>
                <line number="29" hits="1" branch="False" />
                <line number="30" hits="1" branch="False" />
                <line number="31" hits="1" branch="False" />
                <line number="32" hits="1" branch="False" />
                <line number="34" hits="1" branch="False" />
              </lines>
            </method>
          </methods>
          <lines>
            <line number="10" hits="0" branch="False" />
            <line number="12" hits="1" branch="False" />
            <line number="14" hits="1" branch="False" />
            <line number="15" hits="0" branch="True" condition-coverage="50% (1/2)">
              <conditions>
                <condition number="12" type="jump" coverage="50%" />
              </conditions>
            </line>
            <line number="17" hits="1" branch="False" />
            <line number="18" hits="1" branch="False" />
            <line number="19" hits="1" branch="False" />
            <line number="20" hits="1" branch="False" />
            <line number="22" hits="1" branch="False" />
            <line number="24" hits="1" branch="False" />
            <line number="26" hits="1" branch="False" />
            <line number="27" hits="0" branch="True" condition-coverage="50% (1/2)">
              <conditions>
                <condition number="7" type="jump" coverage="50%" />
              </conditions>
            </line>
            <line number="29" hits="1" branch="False" />
            <line number="30" hits="1" branch="False" />
            <line number="31" hits="1" branch="False" />
            <line number="32" hits="1" branch="False" />
            <line number="34" hits="1" branch="False" />
          </lines>
        </class>
      </classes>
    </package>
    <package name="Workbench.Comparer" line-rate="1" branch-rate="1" complexity="5">
      <classes>
        <class name="Workbench.Comparer.GenericComparerFactory`1" filename="Workbench.Comparer\GenericComparerFactory.cs" line-rate="1" branch-rate="1" complexity="5">
          <methods>
            <method name="get_Predicate" signature="()" line-rate="1" branch-rate="1" complexity="1">
              <lines>
                <line number="9" hits="48" branch="False" />
              </lines>
            </method>
            <method name="Create" signature="(System.Func`2&lt;TEntity,System.Object&gt;)" line-rate="1" branch-rate="1" complexity="1">
              <lines>
                <line number="14" hits="4" branch="False" />
                <line number="15" hits="4" branch="False" />
                <line number="16" hits="4" branch="False" />
              </lines>
            </method>
            <method name="Equals" signature="(TEntity,TEntity)" line-rate="1" branch-rate="1" complexity="1">
              <lines>
                <line number="19" hits="8" branch="False" />
                <line number="20" hits="8" branch="False" />
                <line number="21" hits="8" branch="False" />
              </lines>
            </method>
            <method name="GetHashCode" signature="(TEntity)" line-rate="1" branch-rate="1" complexity="1">
              <lines>
                <line number="24" hits="28" branch="False" />
                <line number="25" hits="28" branch="False" />
                <line number="26" hits="28" branch="False" />
              </lines>
            </method>
            <method name=".ctor" signature="()" line-rate="1" branch-rate="1" complexity="1">
              <lines>
                <line number="11" hits="12" branch="False" />
              </lines>
            </method>
          </methods>
          <lines>
            <line number="9" hits="48" branch="False" />
            <line number="14" hits="4" branch="False" />
            <line number="15" hits="4" branch="False" />
            <line number="16" hits="4" branch="False" />
            <line number="19" hits="8" branch="False" />
            <line number="20" hits="8" branch="False" />
            <line number="21" hits="8" branch="False" />
            <line number="24" hits="28" branch="False" />
            <line number="25" hits="28" branch="False" />
            <line number="26" hits="28" branch="False" />
            <line number="11" hits="12" branch="False" />
          </lines>
        </class>
      </classes>
    </package>
    <package name="Workbench.Linq.Extensions" line-rate="1" branch-rate="1" complexity="1">
      <classes>
        <class name="Workbench.Linq.Extensions.DistinctExtensions" filename="Workbench.Linq.Extensions\DistinctExtensions.cs" line-rate="1" branch-rate="1" complexity="1">
          <methods>
            <method name="Distinct" signature="(System.Collections.Generic.IEnumerable`1&lt;TEntity&gt;,System.Func`2&lt;TEntity,System.Object&gt;)" line-rate="1" branch-rate="1" complexity="1">
              <lines>
                <line number="11" hits="2" branch="False" />
                <line number="12" hits="2" branch="False" />
                <line number="13" hits="2" branch="False" />
              </lines>
            </method>
          </methods>
          <lines>
            <line number="11" hits="2" branch="False" />
            <line number="12" hits="2" branch="False" />
            <line number="13" hits="2" branch="False" />
          </lines>
        </class>
      </classes>
    </package>
  </packages>
</coverage>